The system is: Linux - 4.4.0-140-generic - x86_64
Compiling the C compiler identification source file "CMakeCCompilerId.c" succeeded.
Compiler: /usr/bin/gcc 
Build flags: 
Id flags: 

The output was:
0


Compilation of the C compiler identification source "CMakeCCompilerId.c" produced "a.out"

The C compiler identification is GNU, found in "/home/ueshiba/projects/HRP-5P/hrp5p-calib/build/TUv++-prefix/src/TUv++-build/CMakeFiles/3.5.1/CompilerIdC/a.out"

Compiling the CXX compiler identification source file "CMakeCXXCompilerId.cpp" succeeded.
Compiler: /usr/bin/g++ 
Build flags: 
Id flags: 

The output was:
0


Compilation of the CXX compiler identification source "CMakeCXXCompilerId.cpp" produced "a.out"

The CXX compiler identification is GNU, found in "/home/ueshiba/projects/HRP-5P/hrp5p-calib/build/TUv++-prefix/src/TUv++-build/CMakeFiles/3.5.1/CompilerIdCXX/a.out"

Determining if the C compiler works passed with the following output:
Change Dir: /home/ueshiba/projects/HRP-5P/hrp5p-calib/build/TUv++-prefix/src/TUv++-build/CMakeFiles/CMakeTmp

Run Build Command:"/usr/bin/make" "cmTC_e9fdc/fast"
make[3]: ディレクトリ '/home/ueshiba/projects/HRP-5P/hrp5p-calib/build/TUv++-prefix/src/TUv++-build/CMakeFiles/CMakeTmp' に入ります
/usr/bin/make -f CMakeFiles/cmTC_e9fdc.dir/build.make CMakeFiles/cmTC_e9fdc.dir/build
make[4]: ディレクトリ '/home/ueshiba/projects/HRP-5P/hrp5p-calib/build/TUv++-prefix/src/TUv++-build/CMakeFiles/CMakeTmp' に入ります
Building C object CMakeFiles/cmTC_e9fdc.dir/testCCompiler.c.o
/usr/bin/gcc     -o CMakeFiles/cmTC_e9fdc.dir/testCCompiler.c.o   -c /home/ueshiba/projects/HRP-5P/hrp5p-calib/build/TUv++-prefix/src/TUv++-build/CMakeFiles/CMakeTmp/testCCompiler.c
Linking C executable cmTC_e9fdc
/usr/bin/cmake -E cmake_link_script CMakeFiles/cmTC_e9fdc.dir/link.txt --verbose=1
/usr/bin/gcc       CMakeFiles/cmTC_e9fdc.dir/testCCompiler.c.o  -o cmTC_e9fdc -rdynamic 
make[4]: ディレクトリ '/home/ueshiba/projects/HRP-5P/hrp5p-calib/build/TUv++-prefix/src/TUv++-build/CMakeFiles/CMakeTmp' から出ます
make[3]: ディレクトリ '/home/ueshiba/projects/HRP-5P/hrp5p-calib/build/TUv++-prefix/src/TUv++-build/CMakeFiles/CMakeTmp' から出ます


Detecting C compiler ABI info compiled with the following output:
Change Dir: /home/ueshiba/projects/HRP-5P/hrp5p-calib/build/TUv++-prefix/src/TUv++-build/CMakeFiles/CMakeTmp

Run Build Command:"/usr/bin/make" "cmTC_ac3d7/fast"
make[3]: ディレクトリ '/home/ueshiba/projects/HRP-5P/hrp5p-calib/build/TUv++-prefix/src/TUv++-build/CMakeFiles/CMakeTmp' に入ります
/usr/bin/make -f CMakeFiles/cmTC_ac3d7.dir/build.make CMakeFiles/cmTC_ac3d7.dir/build
make[4]: ディレクトリ '/home/ueshiba/projects/HRP-5P/hrp5p-calib/build/TUv++-prefix/src/TUv++-build/CMakeFiles/CMakeTmp' に入ります
Building C object CMakeFiles/cmTC_ac3d7.dir/CMakeCCompilerABI.c.o
/usr/bin/gcc     -o CMakeFiles/cmTC_ac3d7.dir/CMakeCCompilerABI.c.o   -c /usr/share/cmake-3.5/Modules/CMakeCCompilerABI.c
Linking C executable cmTC_ac3d7
/usr/bin/cmake -E cmake_link_script CMakeFiles/cmTC_ac3d7.dir/link.txt --verbose=1
/usr/bin/gcc      -v CMakeFiles/cmTC_ac3d7.dir/CMakeCCompilerABI.c.o  -o cmTC_ac3d7 -rdynamic  
Using built-in specs.
COLLECT_GCC=/usr/bin/gcc
COLLECT_LTO_WRAPPER=/usr/lib/gcc/x86_64-linux-gnu/5/lto-wrapper
Target: x86_64-linux-gnu
Configured with: ../src/configure -v --with-pkgversion='Ubuntu 5.4.0-6ubuntu1~16.04.10' --with-bugurl=file:///usr/share/doc/gcc-5/README.Bugs --enable-languages=c,ada,c++,java,go,d,fortran,objc,obj-c++ --prefix=/usr --program-suffix=-5 --enable-shared --enable-linker-build-id --libexecdir=/usr/lib --without-included-gettext --enable-threads=posix --libdir=/usr/lib --enable-nls --with-sysroot=/ --enable-clocale=gnu --enable-libstdcxx-debug --enable-libstdcxx-time=yes --with-default-libstdcxx-abi=new --enable-gnu-unique-object --disable-vtable-verify --enable-libmpx --enable-plugin --with-system-zlib --disable-browser-plugin --enable-java-awt=gtk --enable-gtk-cairo --with-java-home=/usr/lib/jvm/java-1.5.0-gcj-5-amd64/jre --enable-java-home --with-jvm-root-dir=/usr/lib/jvm/java-1.5.0-gcj-5-amd64 --with-jvm-jar-dir=/usr/lib/jvm-exports/java-1.5.0-gcj-5-amd64 --with-arch-directory=amd64 --with-ecj-jar=/usr/share/java/eclipse-ecj.jar --enable-objc-gc --enable-multiarch --disable-werror --with-arch-32=i686 --with-abi=m64 --with-multilib-list=m32,m64,mx32 --enable-multilib --with-tune=generic --enable-checking=release --build=x86_64-linux-gnu --host=x86_64-linux-gnu --target=x86_64-linux-gnu
Thread model: posix
gcc version 5.4.0 20160609 (Ubuntu 5.4.0-6ubuntu1~16.04.10) 
COMPILER_PATH=/usr/lib/gcc/x86_64-linux-gnu/5/:/usr/lib/gcc/x86_64-linux-gnu/5/:/usr/lib/gcc/x86_64-linux-gnu/:/usr/lib/gcc/x86_64-linux-gnu/5/:/usr/lib/gcc/x86_64-linux-gnu/
LIBRARY_PATH=/usr/local/openrtp/lib/../lib/:/usr/local/lib/../lib/:/opt/PhotoneoPhoXiControl/API/lib/../lib/:/usr/local/VVV/lib/../lib/:/usr/lib/gcc/x86_64-linux-gnu/5/:/usr/lib/gcc/x86_64-linux-gnu/5/../../../x86_64-linux-gnu/:/usr/lib/gcc/x86_64-linux-gnu/5/../../../../lib/:/lib/x86_64-linux-gnu/:/lib/../lib/:/usr/lib/x86_64-linux-gnu/:/usr/lib/../lib/:/usr/local/openrtp/lib/:/usr/local/lib/:/opt/PhotoneoPhoXiControl/API/lib/:/usr/local/VVV/lib/:/usr/lib/gcc/x86_64-linux-gnu/5/../../../:/lib/:/usr/lib/
COLLECT_GCC_OPTIONS='-v' '-o' 'cmTC_ac3d7' '-rdynamic' '-mtune=generic' '-march=x86-64'
 /usr/lib/gcc/x86_64-linux-gnu/5/collect2 -plugin /usr/lib/gcc/x86_64-linux-gnu/5/liblto_plugin.so -plugin-opt=/usr/lib/gcc/x86_64-linux-gnu/5/lto-wrapper -plugin-opt=-fresolution=/tmp/ccKZiz6N.res -plugin-opt=-pass-through=-lgcc -plugin-opt=-pass-through=-lgcc_s -plugin-opt=-pass-through=-lc -plugin-opt=-pass-through=-lgcc -plugin-opt=-pass-through=-lgcc_s --sysroot=/ --build-id --eh-frame-hdr -m elf_x86_64 --hash-style=gnu --as-needed -export-dynamic -dynamic-linker /lib64/ld-linux-x86-64.so.2 -z relro -o cmTC_ac3d7 /usr/lib/gcc/x86_64-linux-gnu/5/../../../x86_64-linux-gnu/crt1.o /usr/lib/gcc/x86_64-linux-gnu/5/../../../x86_64-linux-gnu/crti.o /usr/lib/gcc/x86_64-linux-gnu/5/crtbegin.o -L/usr/local/openrtp/lib/../lib -L/usr/local/lib/../lib -L/opt/PhotoneoPhoXiControl/API/lib/../lib -L/usr/local/VVV/lib/../lib -L/usr/lib/gcc/x86_64-linux-gnu/5 -L/usr/lib/gcc/x86_64-linux-gnu/5/../../../x86_64-linux-gnu -L/usr/lib/gcc/x86_64-linux-gnu/5/../../../../lib -L/lib/x86_64-linux-gnu -L/lib/../lib -L/usr/lib/x86_64-linux-gnu -L/usr/lib/../lib -L/usr/local/openrtp/lib -L/usr/local/lib -L/opt/PhotoneoPhoXiControl/API/lib -L/usr/local/VVV/lib -L/usr/lib/gcc/x86_64-linux-gnu/5/../../.. CMakeFiles/cmTC_ac3d7.dir/CMakeCCompilerABI.c.o -lgcc --as-needed -lgcc_s --no-as-needed -lc -lgcc --as-needed -lgcc_s --no-as-needed /usr/lib/gcc/x86_64-linux-gnu/5/crtend.o /usr/lib/gcc/x86_64-linux-gnu/5/../../../x86_64-linux-gnu/crtn.o
make[4]: ディレクトリ '/home/ueshiba/projects/HRP-5P/hrp5p-calib/build/TUv++-prefix/src/TUv++-build/CMakeFiles/CMakeTmp' から出ます
make[3]: ディレクトリ '/home/ueshiba/projects/HRP-5P/hrp5p-calib/build/TUv++-prefix/src/TUv++-build/CMakeFiles/CMakeTmp' から出ます


Parsed C implicit link information from above output:
  link line regex: [^( *|.*[/\])(ld|([^/\]+-)?ld|collect2)[^/\]*( |$)]
  ignore line: [Change Dir: /home/ueshiba/projects/HRP-5P/hrp5p-calib/build/TUv++-prefix/src/TUv++-build/CMakeFiles/CMakeTmp]
  ignore line: []
  ignore line: [Run Build Command:"/usr/bin/make" "cmTC_ac3d7/fast"]
  ignore line: [make[3]: ディレクトリ '/home/ueshiba/projects/HRP-5P/hrp5p-calib/build/TUv++-prefix/src/TUv++-build/CMakeFiles/CMakeTmp' に入ります]
  ignore line: [/usr/bin/make -f CMakeFiles/cmTC_ac3d7.dir/build.make CMakeFiles/cmTC_ac3d7.dir/build]
  ignore line: [make[4]: ディレクトリ '/home/ueshiba/projects/HRP-5P/hrp5p-calib/build/TUv++-prefix/src/TUv++-build/CMakeFiles/CMakeTmp' に入ります]
  ignore line: [Building C object CMakeFiles/cmTC_ac3d7.dir/CMakeCCompilerABI.c.o]
  ignore line: [/usr/bin/gcc     -o CMakeFiles/cmTC_ac3d7.dir/CMakeCCompilerABI.c.o   -c /usr/share/cmake-3.5/Modules/CMakeCCompilerABI.c]
  ignore line: [Linking C executable cmTC_ac3d7]
  ignore line: [/usr/bin/cmake -E cmake_link_script CMakeFiles/cmTC_ac3d7.dir/link.txt --verbose=1]
  ignore line: [/usr/bin/gcc      -v CMakeFiles/cmTC_ac3d7.dir/CMakeCCompilerABI.c.o  -o cmTC_ac3d7 -rdynamic  ]
  ignore line: [Using built-in specs.]
  ignore line: [COLLECT_GCC=/usr/bin/gcc]
  ignore line: [COLLECT_LTO_WRAPPER=/usr/lib/gcc/x86_64-linux-gnu/5/lto-wrapper]
  ignore line: [Target: x86_64-linux-gnu]
  ignore line: [Configured with: ../src/configure -v --with-pkgversion='Ubuntu 5.4.0-6ubuntu1~16.04.10' --with-bugurl=file:///usr/share/doc/gcc-5/README.Bugs --enable-languages=c,ada,c++,java,go,d,fortran,objc,obj-c++ --prefix=/usr --program-suffix=-5 --enable-shared --enable-linker-build-id --libexecdir=/usr/lib --without-included-gettext --enable-threads=posix --libdir=/usr/lib --enable-nls --with-sysroot=/ --enable-clocale=gnu --enable-libstdcxx-debug --enable-libstdcxx-time=yes --with-default-libstdcxx-abi=new --enable-gnu-unique-object --disable-vtable-verify --enable-libmpx --enable-plugin --with-system-zlib --disable-browser-plugin --enable-java-awt=gtk --enable-gtk-cairo --with-java-home=/usr/lib/jvm/java-1.5.0-gcj-5-amd64/jre --enable-java-home --with-jvm-root-dir=/usr/lib/jvm/java-1.5.0-gcj-5-amd64 --with-jvm-jar-dir=/usr/lib/jvm-exports/java-1.5.0-gcj-5-amd64 --with-arch-directory=amd64 --with-ecj-jar=/usr/share/java/eclipse-ecj.jar --enable-objc-gc --enable-multiarch --disable-werror --with-arch-32=i686 --with-abi=m64 --with-multilib-list=m32,m64,mx32 --enable-multilib --with-tune=generic --enable-checking=release --build=x86_64-linux-gnu --host=x86_64-linux-gnu --target=x86_64-linux-gnu]
  ignore line: [Thread model: posix]
  ignore line: [gcc version 5.4.0 20160609 (Ubuntu 5.4.0-6ubuntu1~16.04.10) ]
  ignore line: [COMPILER_PATH=/usr/lib/gcc/x86_64-linux-gnu/5/:/usr/lib/gcc/x86_64-linux-gnu/5/:/usr/lib/gcc/x86_64-linux-gnu/:/usr/lib/gcc/x86_64-linux-gnu/5/:/usr/lib/gcc/x86_64-linux-gnu/]
  ignore line: [LIBRARY_PATH=/usr/local/openrtp/lib/../lib/:/usr/local/lib/../lib/:/opt/PhotoneoPhoXiControl/API/lib/../lib/:/usr/local/VVV/lib/../lib/:/usr/lib/gcc/x86_64-linux-gnu/5/:/usr/lib/gcc/x86_64-linux-gnu/5/../../../x86_64-linux-gnu/:/usr/lib/gcc/x86_64-linux-gnu/5/../../../../lib/:/lib/x86_64-linux-gnu/:/lib/../lib/:/usr/lib/x86_64-linux-gnu/:/usr/lib/../lib/:/usr/local/openrtp/lib/:/usr/local/lib/:/opt/PhotoneoPhoXiControl/API/lib/:/usr/local/VVV/lib/:/usr/lib/gcc/x86_64-linux-gnu/5/../../../:/lib/:/usr/lib/]
  ignore line: [COLLECT_GCC_OPTIONS='-v' '-o' 'cmTC_ac3d7' '-rdynamic' '-mtune=generic' '-march=x86-64']
  link line: [ /usr/lib/gcc/x86_64-linux-gnu/5/collect2 -plugin /usr/lib/gcc/x86_64-linux-gnu/5/liblto_plugin.so -plugin-opt=/usr/lib/gcc/x86_64-linux-gnu/5/lto-wrapper -plugin-opt=-fresolution=/tmp/ccKZiz6N.res -plugin-opt=-pass-through=-lgcc -plugin-opt=-pass-through=-lgcc_s -plugin-opt=-pass-through=-lc -plugin-opt=-pass-through=-lgcc -plugin-opt=-pass-through=-lgcc_s --sysroot=/ --build-id --eh-frame-hdr -m elf_x86_64 --hash-style=gnu --as-needed -export-dynamic -dynamic-linker /lib64/ld-linux-x86-64.so.2 -z relro -o cmTC_ac3d7 /usr/lib/gcc/x86_64-linux-gnu/5/../../../x86_64-linux-gnu/crt1.o /usr/lib/gcc/x86_64-linux-gnu/5/../../../x86_64-linux-gnu/crti.o /usr/lib/gcc/x86_64-linux-gnu/5/crtbegin.o -L/usr/local/openrtp/lib/../lib -L/usr/local/lib/../lib -L/opt/PhotoneoPhoXiControl/API/lib/../lib -L/usr/local/VVV/lib/../lib -L/usr/lib/gcc/x86_64-linux-gnu/5 -L/usr/lib/gcc/x86_64-linux-gnu/5/../../../x86_64-linux-gnu -L/usr/lib/gcc/x86_64-linux-gnu/5/../../../../lib -L/lib/x86_64-linux-gnu -L/lib/../lib -L/usr/lib/x86_64-linux-gnu -L/usr/lib/../lib -L/usr/local/openrtp/lib -L/usr/local/lib -L/opt/PhotoneoPhoXiControl/API/lib -L/usr/local/VVV/lib -L/usr/lib/gcc/x86_64-linux-gnu/5/../../.. CMakeFiles/cmTC_ac3d7.dir/CMakeCCompilerABI.c.o -lgcc --as-needed -lgcc_s --no-as-needed -lc -lgcc --as-needed -lgcc_s --no-as-needed /usr/lib/gcc/x86_64-linux-gnu/5/crtend.o /usr/lib/gcc/x86_64-linux-gnu/5/../../../x86_64-linux-gnu/crtn.o]
    arg [/usr/lib/gcc/x86_64-linux-gnu/5/collect2] ==> ignore
    arg [-plugin] ==> ignore
    arg [/usr/lib/gcc/x86_64-linux-gnu/5/liblto_plugin.so] ==> ignore
    arg [-plugin-opt=/usr/lib/gcc/x86_64-linux-gnu/5/lto-wrapper] ==> ignore
    arg [-plugin-opt=-fresolution=/tmp/ccKZiz6N.res] ==> ignore
    arg [-plugin-opt=-pass-through=-lgcc] ==> ignore
    arg [-plugin-opt=-pass-through=-lgcc_s] ==> ignore
    arg [-plugin-opt=-pass-through=-lc] ==> ignore
    arg [-plugin-opt=-pass-through=-lgcc] ==> ignore
    arg [-plugin-opt=-pass-through=-lgcc_s] ==> ignore
    arg [--sysroot=/] ==> ignore
    arg [--build-id] ==> ignore
    arg [--eh-frame-hdr] ==> ignore
    arg [-m] ==> ignore
    arg [elf_x86_64] ==> ignore
    arg [--hash-style=gnu] ==> ignore
    arg [--as-needed] ==> ignore
    arg [-export-dynamic] ==> ignore
    arg [-dynamic-linker] ==> ignore
    arg [/lib64/ld-linux-x86-64.so.2] ==> ignore
    arg [-zrelro] ==> ignore
    arg [-o] ==> ignore
    arg [cmTC_ac3d7] ==> ignore
    arg [/usr/lib/gcc/x86_64-linux-gnu/5/../../../x86_64-linux-gnu/crt1.o] ==> ignore
    arg [/usr/lib/gcc/x86_64-linux-gnu/5/../../../x86_64-linux-gnu/crti.o] ==> ignore
    arg [/usr/lib/gcc/x86_64-linux-gnu/5/crtbegin.o] ==> ignore
    arg [-L/usr/local/openrtp/lib/../lib] ==> dir [/usr/local/openrtp/lib/../lib]
    arg [-L/usr/local/lib/../lib] ==> dir [/usr/local/lib/../lib]
    arg [-L/opt/PhotoneoPhoXiControl/API/lib/../lib] ==> dir [/opt/PhotoneoPhoXiControl/API/lib/../lib]
    arg [-L/usr/local/VVV/lib/../lib] ==> dir [/usr/local/VVV/lib/../lib]
    arg [-L/usr/lib/gcc/x86_64-linux-gnu/5] ==> dir [/usr/lib/gcc/x86_64-linux-gnu/5]
    arg [-L/usr/lib/gcc/x86_64-linux-gnu/5/../../../x86_64-linux-gnu] ==> dir [/usr/lib/gcc/x86_64-linux-gnu/5/../../../x86_64-linux-gnu]
    arg [-L/usr/lib/gcc/x86_64-linux-gnu/5/../../../../lib] ==> dir [/usr/lib/gcc/x86_64-linux-gnu/5/../../../../lib]
    arg [-L/lib/x86_64-linux-gnu] ==> dir [/lib/x86_64-linux-gnu]
    arg [-L/lib/../lib] ==> dir [/lib/../lib]
    arg [-L/usr/lib/x86_64-linux-gnu] ==> dir [/usr/lib/x86_64-linux-gnu]
    arg [-L/usr/lib/../lib] ==> dir [/usr/lib/../lib]
    arg [-L/usr/local/openrtp/lib] ==> dir [/usr/local/openrtp/lib]
    arg [-L/usr/local/lib] ==> dir [/usr/local/lib]
    arg [-L/opt/PhotoneoPhoXiControl/API/lib] ==> dir [/opt/PhotoneoPhoXiControl/API/lib]
    arg [-L/usr/local/VVV/lib] ==> dir [/usr/local/VVV/lib]
    arg [-L/usr/lib/gcc/x86_64-linux-gnu/5/../../..] ==> dir [/usr/lib/gcc/x86_64-linux-gnu/5/../../..]
    arg [CMakeFiles/cmTC_ac3d7.dir/CMakeCCompilerABI.c.o] ==> ignore
    arg [-lgcc] ==> lib [gcc]
    arg [--as-needed] ==> ignore
    arg [-lgcc_s] ==> lib [gcc_s]
    arg [--no-as-needed] ==> ignore
    arg [-lc] ==> lib [c]
    arg [-lgcc] ==> lib [gcc]
    arg [--as-needed] ==> ignore
    arg [-lgcc_s] ==> lib [gcc_s]
    arg [--no-as-needed] ==> ignore
    arg [/usr/lib/gcc/x86_64-linux-gnu/5/crtend.o] ==> ignore
    arg [/usr/lib/gcc/x86_64-linux-gnu/5/../../../x86_64-linux-gnu/crtn.o] ==> ignore
  remove lib [gcc]
  remove lib [gcc_s]
  remove lib [gcc]
  remove lib [gcc_s]
  collapse library dir [/usr/local/openrtp/lib/../lib] ==> [/usr/local/openrtp/lib]
  collapse library dir [/usr/local/lib/../lib] ==> [/usr/local/lib]
  collapse library dir [/opt/PhotoneoPhoXiControl/API/lib/../lib] ==> [/opt/PhotoneoPhoXiControl/API/lib]
  collapse library dir [/usr/local/VVV/lib/../lib] ==> [/usr/local/VVV/lib]
  collapse library dir [/usr/lib/gcc/x86_64-linux-gnu/5] ==> [/usr/lib/gcc/x86_64-linux-gnu/5]
  collapse library dir [/usr/lib/gcc/x86_64-linux-gnu/5/../../../x86_64-linux-gnu] ==> [/usr/lib/x86_64-linux-gnu]
  collapse library dir [/usr/lib/gcc/x86_64-linux-gnu/5/../../../../lib] ==> [/usr/lib]
  collapse library dir [/lib/x86_64-linux-gnu] ==> [/lib/x86_64-linux-gnu]
  collapse library dir [/lib/../lib] ==> [/lib]
  collapse library dir [/usr/lib/x86_64-linux-gnu] ==> [/usr/lib/x86_64-linux-gnu]
  collapse library dir [/usr/lib/../lib] ==> [/usr/lib]
  collapse library dir [/usr/local/openrtp/lib] ==> [/usr/local/openrtp/lib]
  collapse library dir [/usr/local/lib] ==> [/usr/local/lib]
  collapse library dir [/opt/PhotoneoPhoXiControl/API/lib] ==> [/opt/PhotoneoPhoXiControl/API/lib]
  collapse library dir [/usr/local/VVV/lib] ==> [/usr/local/VVV/lib]
  collapse library dir [/usr/lib/gcc/x86_64-linux-gnu/5/../../..] ==> [/usr/lib]
  implicit libs: [c]
  implicit dirs: [/usr/local/openrtp/lib;/usr/local/lib;/opt/PhotoneoPhoXiControl/API/lib;/usr/local/VVV/lib;/usr/lib/gcc/x86_64-linux-gnu/5;/usr/lib/x86_64-linux-gnu;/usr/lib;/lib/x86_64-linux-gnu;/lib]
  implicit fwks: []




Detecting C [-std=c11] compiler features compiled with the following output:
Change Dir: /home/ueshiba/projects/HRP-5P/hrp5p-calib/build/TUv++-prefix/src/TUv++-build/CMakeFiles/CMakeTmp

Run Build Command:"/usr/bin/make" "cmTC_db5ce/fast"
make[3]: ディレクトリ '/home/ueshiba/projects/HRP-5P/hrp5p-calib/build/TUv++-prefix/src/TUv++-build/CMakeFiles/CMakeTmp' に入ります
/usr/bin/make -f CMakeFiles/cmTC_db5ce.dir/build.make CMakeFiles/cmTC_db5ce.dir/build
make[4]: ディレクトリ '/home/ueshiba/projects/HRP-5P/hrp5p-calib/build/TUv++-prefix/src/TUv++-build/CMakeFiles/CMakeTmp' に入ります
Building C object CMakeFiles/cmTC_db5ce.dir/feature_tests.c.o
/usr/bin/gcc    -std=c11 -o CMakeFiles/cmTC_db5ce.dir/feature_tests.c.o   -c /home/ueshiba/projects/HRP-5P/hrp5p-calib/build/TUv++-prefix/src/TUv++-build/CMakeFiles/feature_tests.c
Linking C executable cmTC_db5ce
/usr/bin/cmake -E cmake_link_script CMakeFiles/cmTC_db5ce.dir/link.txt --verbose=1
/usr/bin/gcc       CMakeFiles/cmTC_db5ce.dir/feature_tests.c.o  -o cmTC_db5ce -rdynamic 
make[4]: ディレクトリ '/home/ueshiba/projects/HRP-5P/hrp5p-calib/build/TUv++-prefix/src/TUv++-build/CMakeFiles/CMakeTmp' から出ます
make[3]: ディレクトリ '/home/ueshiba/projects/HRP-5P/hrp5p-calib/build/TUv++-prefix/src/TUv++-build/CMakeFiles/CMakeTmp' から出ます


    Feature record: C_FEATURE:1c_function_prototypes
    Feature record: C_FEATURE:1c_restrict
    Feature record: C_FEATURE:1c_static_assert
    Feature record: C_FEATURE:1c_variadic_macros


Detecting C [-std=c99] compiler features compiled with the following output:
Change Dir: /home/ueshiba/projects/HRP-5P/hrp5p-calib/build/TUv++-prefix/src/TUv++-build/CMakeFiles/CMakeTmp

Run Build Command:"/usr/bin/make" "cmTC_db442/fast"
make[3]: ディレクトリ '/home/ueshiba/projects/HRP-5P/hrp5p-calib/build/TUv++-prefix/src/TUv++-build/CMakeFiles/CMakeTmp' に入ります
/usr/bin/make -f CMakeFiles/cmTC_db442.dir/build.make CMakeFiles/cmTC_db442.dir/build
make[4]: ディレクトリ '/home/ueshiba/projects/HRP-5P/hrp5p-calib/build/TUv++-prefix/src/TUv++-build/CMakeFiles/CMakeTmp' に入ります
Building C object CMakeFiles/cmTC_db442.dir/feature_tests.c.o
/usr/bin/gcc    -std=c99 -o CMakeFiles/cmTC_db442.dir/feature_tests.c.o   -c /home/ueshiba/projects/HRP-5P/hrp5p-calib/build/TUv++-prefix/src/TUv++-build/CMakeFiles/feature_tests.c
Linking C executable cmTC_db442
/usr/bin/cmake -E cmake_link_script CMakeFiles/cmTC_db442.dir/link.txt --verbose=1
/usr/bin/gcc       CMakeFiles/cmTC_db442.dir/feature_tests.c.o  -o cmTC_db442 -rdynamic 
make[4]: ディレクトリ '/home/ueshiba/projects/HRP-5P/hrp5p-calib/build/TUv++-prefix/src/TUv++-build/CMakeFiles/CMakeTmp' から出ます
make[3]: ディレクトリ '/home/ueshiba/projects/HRP-5P/hrp5p-calib/build/TUv++-prefix/src/TUv++-build/CMakeFiles/CMakeTmp' から出ます


    Feature record: C_FEATURE:1c_function_prototypes
    Feature record: C_FEATURE:1c_restrict
    Feature record: C_FEATURE:0c_static_assert
    Feature record: C_FEATURE:1c_variadic_macros


Detecting C [-std=c90] compiler features compiled with the following output:
Change Dir: /home/ueshiba/projects/HRP-5P/hrp5p-calib/build/TUv++-prefix/src/TUv++-build/CMakeFiles/CMakeTmp

Run Build Command:"/usr/bin/make" "cmTC_b34ad/fast"
make[3]: ディレクトリ '/home/ueshiba/projects/HRP-5P/hrp5p-calib/build/TUv++-prefix/src/TUv++-build/CMakeFiles/CMakeTmp' に入ります
/usr/bin/make -f CMakeFiles/cmTC_b34ad.dir/build.make CMakeFiles/cmTC_b34ad.dir/build
make[4]: ディレクトリ '/home/ueshiba/projects/HRP-5P/hrp5p-calib/build/TUv++-prefix/src/TUv++-build/CMakeFiles/CMakeTmp' に入ります
Building C object CMakeFiles/cmTC_b34ad.dir/feature_tests.c.o
/usr/bin/gcc    -std=c90 -o CMakeFiles/cmTC_b34ad.dir/feature_tests.c.o   -c /home/ueshiba/projects/HRP-5P/hrp5p-calib/build/TUv++-prefix/src/TUv++-build/CMakeFiles/feature_tests.c
Linking C executable cmTC_b34ad
/usr/bin/cmake -E cmake_link_script CMakeFiles/cmTC_b34ad.dir/link.txt --verbose=1
/usr/bin/gcc       CMakeFiles/cmTC_b34ad.dir/feature_tests.c.o  -o cmTC_b34ad -rdynamic 
make[4]: ディレクトリ '/home/ueshiba/projects/HRP-5P/hrp5p-calib/build/TUv++-prefix/src/TUv++-build/CMakeFiles/CMakeTmp' から出ます
make[3]: ディレクトリ '/home/ueshiba/projects/HRP-5P/hrp5p-calib/build/TUv++-prefix/src/TUv++-build/CMakeFiles/CMakeTmp' から出ます


    Feature record: C_FEATURE:1c_function_prototypes
    Feature record: C_FEATURE:0c_restrict
    Feature record: C_FEATURE:0c_static_assert
    Feature record: C_FEATURE:0c_variadic_macros
Determining if the CXX compiler works passed with the following output:
Change Dir: /home/ueshiba/projects/HRP-5P/hrp5p-calib/build/TUv++-prefix/src/TUv++-build/CMakeFiles/CMakeTmp

Run Build Command:"/usr/bin/make" "cmTC_d524e/fast"
make[3]: ディレクトリ '/home/ueshiba/projects/HRP-5P/hrp5p-calib/build/TUv++-prefix/src/TUv++-build/CMakeFiles/CMakeTmp' に入ります
/usr/bin/make -f CMakeFiles/cmTC_d524e.dir/build.make CMakeFiles/cmTC_d524e.dir/build
make[4]: ディレクトリ '/home/ueshiba/projects/HRP-5P/hrp5p-calib/build/TUv++-prefix/src/TUv++-build/CMakeFiles/CMakeTmp' に入ります
Building CXX object CMakeFiles/cmTC_d524e.dir/testCXXCompiler.cxx.o
/usr/bin/g++      -o CMakeFiles/cmTC_d524e.dir/testCXXCompiler.cxx.o -c /home/ueshiba/projects/HRP-5P/hrp5p-calib/build/TUv++-prefix/src/TUv++-build/CMakeFiles/CMakeTmp/testCXXCompiler.cxx
Linking CXX executable cmTC_d524e
/usr/bin/cmake -E cmake_link_script CMakeFiles/cmTC_d524e.dir/link.txt --verbose=1
/usr/bin/g++        CMakeFiles/cmTC_d524e.dir/testCXXCompiler.cxx.o  -o cmTC_d524e -rdynamic 
make[4]: ディレクトリ '/home/ueshiba/projects/HRP-5P/hrp5p-calib/build/TUv++-prefix/src/TUv++-build/CMakeFiles/CMakeTmp' から出ます
make[3]: ディレクトリ '/home/ueshiba/projects/HRP-5P/hrp5p-calib/build/TUv++-prefix/src/TUv++-build/CMakeFiles/CMakeTmp' から出ます


Detecting CXX compiler ABI info compiled with the following output:
Change Dir: /home/ueshiba/projects/HRP-5P/hrp5p-calib/build/TUv++-prefix/src/TUv++-build/CMakeFiles/CMakeTmp

Run Build Command:"/usr/bin/make" "cmTC_7affa/fast"
make[3]: ディレクトリ '/home/ueshiba/projects/HRP-5P/hrp5p-calib/build/TUv++-prefix/src/TUv++-build/CMakeFiles/CMakeTmp' に入ります
/usr/bin/make -f CMakeFiles/cmTC_7affa.dir/build.make CMakeFiles/cmTC_7affa.dir/build
make[4]: ディレクトリ '/home/ueshiba/projects/HRP-5P/hrp5p-calib/build/TUv++-prefix/src/TUv++-build/CMakeFiles/CMakeTmp' に入ります
Building CXX object CMakeFiles/cmTC_7affa.dir/CMakeCXXCompilerABI.cpp.o
/usr/bin/g++      -o CMakeFiles/cmTC_7affa.dir/CMakeCXXCompilerABI.cpp.o -c /usr/share/cmake-3.5/Modules/CMakeCXXCompilerABI.cpp
Linking CXX executable cmTC_7affa
/usr/bin/cmake -E cmake_link_script CMakeFiles/cmTC_7affa.dir/link.txt --verbose=1
/usr/bin/g++       -v CMakeFiles/cmTC_7affa.dir/CMakeCXXCompilerABI.cpp.o  -o cmTC_7affa -rdynamic  
Using built-in specs.
COLLECT_GCC=/usr/bin/g++
COLLECT_LTO_WRAPPER=/usr/lib/gcc/x86_64-linux-gnu/5/lto-wrapper
Target: x86_64-linux-gnu
Configured with: ../src/configure -v --with-pkgversion='Ubuntu 5.4.0-6ubuntu1~16.04.10' --with-bugurl=file:///usr/share/doc/gcc-5/README.Bugs --enable-languages=c,ada,c++,java,go,d,fortran,objc,obj-c++ --prefix=/usr --program-suffix=-5 --enable-shared --enable-linker-build-id --libexecdir=/usr/lib --without-included-gettext --enable-threads=posix --libdir=/usr/lib --enable-nls --with-sysroot=/ --enable-clocale=gnu --enable-libstdcxx-debug --enable-libstdcxx-time=yes --with-default-libstdcxx-abi=new --enable-gnu-unique-object --disable-vtable-verify --enable-libmpx --enable-plugin --with-system-zlib --disable-browser-plugin --enable-java-awt=gtk --enable-gtk-cairo --with-java-home=/usr/lib/jvm/java-1.5.0-gcj-5-amd64/jre --enable-java-home --with-jvm-root-dir=/usr/lib/jvm/java-1.5.0-gcj-5-amd64 --with-jvm-jar-dir=/usr/lib/jvm-exports/java-1.5.0-gcj-5-amd64 --with-arch-directory=amd64 --with-ecj-jar=/usr/share/java/eclipse-ecj.jar --enable-objc-gc --enable-multiarch --disable-werror --with-arch-32=i686 --with-abi=m64 --with-multilib-list=m32,m64,mx32 --enable-multilib --with-tune=generic --enable-checking=release --build=x86_64-linux-gnu --host=x86_64-linux-gnu --target=x86_64-linux-gnu
Thread model: posix
gcc version 5.4.0 20160609 (Ubuntu 5.4.0-6ubuntu1~16.04.10) 
COMPILER_PATH=/usr/lib/gcc/x86_64-linux-gnu/5/:/usr/lib/gcc/x86_64-linux-gnu/5/:/usr/lib/gcc/x86_64-linux-gnu/:/usr/lib/gcc/x86_64-linux-gnu/5/:/usr/lib/gcc/x86_64-linux-gnu/
LIBRARY_PATH=/usr/local/openrtp/lib/../lib/:/usr/local/lib/../lib/:/opt/PhotoneoPhoXiControl/API/lib/../lib/:/usr/local/VVV/lib/../lib/:/usr/lib/gcc/x86_64-linux-gnu/5/:/usr/lib/gcc/x86_64-linux-gnu/5/../../../x86_64-linux-gnu/:/usr/lib/gcc/x86_64-linux-gnu/5/../../../../lib/:/lib/x86_64-linux-gnu/:/lib/../lib/:/usr/lib/x86_64-linux-gnu/:/usr/lib/../lib/:/usr/local/openrtp/lib/:/usr/local/lib/:/opt/PhotoneoPhoXiControl/API/lib/:/usr/local/VVV/lib/:/usr/lib/gcc/x86_64-linux-gnu/5/../../../:/lib/:/usr/lib/
COLLECT_GCC_OPTIONS='-v' '-o' 'cmTC_7affa' '-rdynamic' '-shared-libgcc' '-mtune=generic' '-march=x86-64'
 /usr/lib/gcc/x86_64-linux-gnu/5/collect2 -plugin /usr/lib/gcc/x86_64-linux-gnu/5/liblto_plugin.so -plugin-opt=/usr/lib/gcc/x86_64-linux-gnu/5/lto-wrapper -plugin-opt=-fresolution=/tmp/ccQZIKT9.res -plugin-opt=-pass-through=-lgcc_s -plugin-opt=-pass-through=-lgcc -plugin-opt=-pass-through=-lc -plugin-opt=-pass-through=-lgcc_s -plugin-opt=-pass-through=-lgcc --sysroot=/ --build-id --eh-frame-hdr -m elf_x86_64 --hash-style=gnu --as-needed -export-dynamic -dynamic-linker /lib64/ld-linux-x86-64.so.2 -z relro -o cmTC_7affa /usr/lib/gcc/x86_64-linux-gnu/5/../../../x86_64-linux-gnu/crt1.o /usr/lib/gcc/x86_64-linux-gnu/5/../../../x86_64-linux-gnu/crti.o /usr/lib/gcc/x86_64-linux-gnu/5/crtbegin.o -L/usr/local/openrtp/lib/../lib -L/usr/local/lib/../lib -L/opt/PhotoneoPhoXiControl/API/lib/../lib -L/usr/local/VVV/lib/../lib -L/usr/lib/gcc/x86_64-linux-gnu/5 -L/usr/lib/gcc/x86_64-linux-gnu/5/../../../x86_64-linux-gnu -L/usr/lib/gcc/x86_64-linux-gnu/5/../../../../lib -L/lib/x86_64-linux-gnu -L/lib/../lib -L/usr/lib/x86_64-linux-gnu -L/usr/lib/../lib -L/usr/local/openrtp/lib -L/usr/local/lib -L/opt/PhotoneoPhoXiControl/API/lib -L/usr/local/VVV/lib -L/usr/lib/gcc/x86_64-linux-gnu/5/../../.. CMakeFiles/cmTC_7affa.dir/CMakeCXXCompilerABI.cpp.o -lstdc++ -lm -lgcc_s -lgcc -lc -lgcc_s -lgcc /usr/lib/gcc/x86_64-linux-gnu/5/crtend.o /usr/lib/gcc/x86_64-linux-gnu/5/../../../x86_64-linux-gnu/crtn.o
make[4]: ディレクトリ '/home/ueshiba/projects/HRP-5P/hrp5p-calib/build/TUv++-prefix/src/TUv++-build/CMakeFiles/CMakeTmp' から出ます
make[3]: ディレクトリ '/home/ueshiba/projects/HRP-5P/hrp5p-calib/build/TUv++-prefix/src/TUv++-build/CMakeFiles/CMakeTmp' から出ます


Parsed CXX implicit link information from above output:
  link line regex: [^( *|.*[/\])(ld|([^/\]+-)?ld|collect2)[^/\]*( |$)]
  ignore line: [Change Dir: /home/ueshiba/projects/HRP-5P/hrp5p-calib/build/TUv++-prefix/src/TUv++-build/CMakeFiles/CMakeTmp]
  ignore line: []
  ignore line: [Run Build Command:"/usr/bin/make" "cmTC_7affa/fast"]
  ignore line: [make[3]: ディレクトリ '/home/ueshiba/projects/HRP-5P/hrp5p-calib/build/TUv++-prefix/src/TUv++-build/CMakeFiles/CMakeTmp' に入ります]
  ignore line: [/usr/bin/make -f CMakeFiles/cmTC_7affa.dir/build.make CMakeFiles/cmTC_7affa.dir/build]
  ignore line: [make[4]: ディレクトリ '/home/ueshiba/projects/HRP-5P/hrp5p-calib/build/TUv++-prefix/src/TUv++-build/CMakeFiles/CMakeTmp' に入ります]
  ignore line: [Building CXX object CMakeFiles/cmTC_7affa.dir/CMakeCXXCompilerABI.cpp.o]
  ignore line: [/usr/bin/g++      -o CMakeFiles/cmTC_7affa.dir/CMakeCXXCompilerABI.cpp.o -c /usr/share/cmake-3.5/Modules/CMakeCXXCompilerABI.cpp]
  ignore line: [Linking CXX executable cmTC_7affa]
  ignore line: [/usr/bin/cmake -E cmake_link_script CMakeFiles/cmTC_7affa.dir/link.txt --verbose=1]
  ignore line: [/usr/bin/g++       -v CMakeFiles/cmTC_7affa.dir/CMakeCXXCompilerABI.cpp.o  -o cmTC_7affa -rdynamic  ]
  ignore line: [Using built-in specs.]
  ignore line: [COLLECT_GCC=/usr/bin/g++]
  ignore line: [COLLECT_LTO_WRAPPER=/usr/lib/gcc/x86_64-linux-gnu/5/lto-wrapper]
  ignore line: [Target: x86_64-linux-gnu]
  ignore line: [Configured with: ../src/configure -v --with-pkgversion='Ubuntu 5.4.0-6ubuntu1~16.04.10' --with-bugurl=file:///usr/share/doc/gcc-5/README.Bugs --enable-languages=c,ada,c++,java,go,d,fortran,objc,obj-c++ --prefix=/usr --program-suffix=-5 --enable-shared --enable-linker-build-id --libexecdir=/usr/lib --without-included-gettext --enable-threads=posix --libdir=/usr/lib --enable-nls --with-sysroot=/ --enable-clocale=gnu --enable-libstdcxx-debug --enable-libstdcxx-time=yes --with-default-libstdcxx-abi=new --enable-gnu-unique-object --disable-vtable-verify --enable-libmpx --enable-plugin --with-system-zlib --disable-browser-plugin --enable-java-awt=gtk --enable-gtk-cairo --with-java-home=/usr/lib/jvm/java-1.5.0-gcj-5-amd64/jre --enable-java-home --with-jvm-root-dir=/usr/lib/jvm/java-1.5.0-gcj-5-amd64 --with-jvm-jar-dir=/usr/lib/jvm-exports/java-1.5.0-gcj-5-amd64 --with-arch-directory=amd64 --with-ecj-jar=/usr/share/java/eclipse-ecj.jar --enable-objc-gc --enable-multiarch --disable-werror --with-arch-32=i686 --with-abi=m64 --with-multilib-list=m32,m64,mx32 --enable-multilib --with-tune=generic --enable-checking=release --build=x86_64-linux-gnu --host=x86_64-linux-gnu --target=x86_64-linux-gnu]
  ignore line: [Thread model: posix]
  ignore line: [gcc version 5.4.0 20160609 (Ubuntu 5.4.0-6ubuntu1~16.04.10) ]
  ignore line: [COMPILER_PATH=/usr/lib/gcc/x86_64-linux-gnu/5/:/usr/lib/gcc/x86_64-linux-gnu/5/:/usr/lib/gcc/x86_64-linux-gnu/:/usr/lib/gcc/x86_64-linux-gnu/5/:/usr/lib/gcc/x86_64-linux-gnu/]
  ignore line: [LIBRARY_PATH=/usr/local/openrtp/lib/../lib/:/usr/local/lib/../lib/:/opt/PhotoneoPhoXiControl/API/lib/../lib/:/usr/local/VVV/lib/../lib/:/usr/lib/gcc/x86_64-linux-gnu/5/:/usr/lib/gcc/x86_64-linux-gnu/5/../../../x86_64-linux-gnu/:/usr/lib/gcc/x86_64-linux-gnu/5/../../../../lib/:/lib/x86_64-linux-gnu/:/lib/../lib/:/usr/lib/x86_64-linux-gnu/:/usr/lib/../lib/:/usr/local/openrtp/lib/:/usr/local/lib/:/opt/PhotoneoPhoXiControl/API/lib/:/usr/local/VVV/lib/:/usr/lib/gcc/x86_64-linux-gnu/5/../../../:/lib/:/usr/lib/]
  ignore line: [COLLECT_GCC_OPTIONS='-v' '-o' 'cmTC_7affa' '-rdynamic' '-shared-libgcc' '-mtune=generic' '-march=x86-64']
  link line: [ /usr/lib/gcc/x86_64-linux-gnu/5/collect2 -plugin /usr/lib/gcc/x86_64-linux-gnu/5/liblto_plugin.so -plugin-opt=/usr/lib/gcc/x86_64-linux-gnu/5/lto-wrapper -plugin-opt=-fresolution=/tmp/ccQZIKT9.res -plugin-opt=-pass-through=-lgcc_s -plugin-opt=-pass-through=-lgcc -plugin-opt=-pass-through=-lc -plugin-opt=-pass-through=-lgcc_s -plugin-opt=-pass-through=-lgcc --sysroot=/ --build-id --eh-frame-hdr -m elf_x86_64 --hash-style=gnu --as-needed -export-dynamic -dynamic-linker /lib64/ld-linux-x86-64.so.2 -z relro -o cmTC_7affa /usr/lib/gcc/x86_64-linux-gnu/5/../../../x86_64-linux-gnu/crt1.o /usr/lib/gcc/x86_64-linux-gnu/5/../../../x86_64-linux-gnu/crti.o /usr/lib/gcc/x86_64-linux-gnu/5/crtbegin.o -L/usr/local/openrtp/lib/../lib -L/usr/local/lib/../lib -L/opt/PhotoneoPhoXiControl/API/lib/../lib -L/usr/local/VVV/lib/../lib -L/usr/lib/gcc/x86_64-linux-gnu/5 -L/usr/lib/gcc/x86_64-linux-gnu/5/../../../x86_64-linux-gnu -L/usr/lib/gcc/x86_64-linux-gnu/5/../../../../lib -L/lib/x86_64-linux-gnu -L/lib/../lib -L/usr/lib/x86_64-linux-gnu -L/usr/lib/../lib -L/usr/local/openrtp/lib -L/usr/local/lib -L/opt/PhotoneoPhoXiControl/API/lib -L/usr/local/VVV/lib -L/usr/lib/gcc/x86_64-linux-gnu/5/../../.. CMakeFiles/cmTC_7affa.dir/CMakeCXXCompilerABI.cpp.o -lstdc++ -lm -lgcc_s -lgcc -lc -lgcc_s -lgcc /usr/lib/gcc/x86_64-linux-gnu/5/crtend.o /usr/lib/gcc/x86_64-linux-gnu/5/../../../x86_64-linux-gnu/crtn.o]
    arg [/usr/lib/gcc/x86_64-linux-gnu/5/collect2] ==> ignore
    arg [-plugin] ==> ignore
    arg [/usr/lib/gcc/x86_64-linux-gnu/5/liblto_plugin.so] ==> ignore
    arg [-plugin-opt=/usr/lib/gcc/x86_64-linux-gnu/5/lto-wrapper] ==> ignore
    arg [-plugin-opt=-fresolution=/tmp/ccQZIKT9.res] ==> ignore
    arg [-plugin-opt=-pass-through=-lgcc_s] ==> ignore
    arg [-plugin-opt=-pass-through=-lgcc] ==> ignore
    arg [-plugin-opt=-pass-through=-lc] ==> ignore
    arg [-plugin-opt=-pass-through=-lgcc_s] ==> ignore
    arg [-plugin-opt=-pass-through=-lgcc] ==> ignore
    arg [--sysroot=/] ==> ignore
    arg [--build-id] ==> ignore
    arg [--eh-frame-hdr] ==> ignore
    arg [-m] ==> ignore
    arg [elf_x86_64] ==> ignore
    arg [--hash-style=gnu] ==> ignore
    arg [--as-needed] ==> ignore
    arg [-export-dynamic] ==> ignore
    arg [-dynamic-linker] ==> ignore
    arg [/lib64/ld-linux-x86-64.so.2] ==> ignore
    arg [-zrelro] ==> ignore
    arg [-o] ==> ignore
    arg [cmTC_7affa] ==> ignore
    arg [/usr/lib/gcc/x86_64-linux-gnu/5/../../../x86_64-linux-gnu/crt1.o] ==> ignore
    arg [/usr/lib/gcc/x86_64-linux-gnu/5/../../../x86_64-linux-gnu/crti.o] ==> ignore
    arg [/usr/lib/gcc/x86_64-linux-gnu/5/crtbegin.o] ==> ignore
    arg [-L/usr/local/openrtp/lib/../lib] ==> dir [/usr/local/openrtp/lib/../lib]
    arg [-L/usr/local/lib/../lib] ==> dir [/usr/local/lib/../lib]
    arg [-L/opt/PhotoneoPhoXiControl/API/lib/../lib] ==> dir [/opt/PhotoneoPhoXiControl/API/lib/../lib]
    arg [-L/usr/local/VVV/lib/../lib] ==> dir [/usr/local/VVV/lib/../lib]
    arg [-L/usr/lib/gcc/x86_64-linux-gnu/5] ==> dir [/usr/lib/gcc/x86_64-linux-gnu/5]
    arg [-L/usr/lib/gcc/x86_64-linux-gnu/5/../../../x86_64-linux-gnu] ==> dir [/usr/lib/gcc/x86_64-linux-gnu/5/../../../x86_64-linux-gnu]
    arg [-L/usr/lib/gcc/x86_64-linux-gnu/5/../../../../lib] ==> dir [/usr/lib/gcc/x86_64-linux-gnu/5/../../../../lib]
    arg [-L/lib/x86_64-linux-gnu] ==> dir [/lib/x86_64-linux-gnu]
    arg [-L/lib/../lib] ==> dir [/lib/../lib]
    arg [-L/usr/lib/x86_64-linux-gnu] ==> dir [/usr/lib/x86_64-linux-gnu]
    arg [-L/usr/lib/../lib] ==> dir [/usr/lib/../lib]
    arg [-L/usr/local/openrtp/lib] ==> dir [/usr/local/openrtp/lib]
    arg [-L/usr/local/lib] ==> dir [/usr/local/lib]
    arg [-L/opt/PhotoneoPhoXiControl/API/lib] ==> dir [/opt/PhotoneoPhoXiControl/API/lib]
    arg [-L/usr/local/VVV/lib] ==> dir [/usr/local/VVV/lib]
    arg [-L/usr/lib/gcc/x86_64-linux-gnu/5/../../..] ==> dir [/usr/lib/gcc/x86_64-linux-gnu/5/../../..]
    arg [CMakeFiles/cmTC_7affa.dir/CMakeCXXCompilerABI.cpp.o] ==> ignore
    arg [-lstdc++] ==> lib [stdc++]
    arg [-lm] ==> lib [m]
    arg [-lgcc_s] ==> lib [gcc_s]
    arg [-lgcc] ==> lib [gcc]
    arg [-lc] ==> lib [c]
    arg [-lgcc_s] ==> lib [gcc_s]
    arg [-lgcc] ==> lib [gcc]
    arg [/usr/lib/gcc/x86_64-linux-gnu/5/crtend.o] ==> ignore
    arg [/usr/lib/gcc/x86_64-linux-gnu/5/../../../x86_64-linux-gnu/crtn.o] ==> ignore
  remove lib [gcc_s]
  remove lib [gcc]
  remove lib [gcc_s]
  remove lib [gcc]
  collapse library dir [/usr/local/openrtp/lib/../lib] ==> [/usr/local/openrtp/lib]
  collapse library dir [/usr/local/lib/../lib] ==> [/usr/local/lib]
  collapse library dir [/opt/PhotoneoPhoXiControl/API/lib/../lib] ==> [/opt/PhotoneoPhoXiControl/API/lib]
  collapse library dir [/usr/local/VVV/lib/../lib] ==> [/usr/local/VVV/lib]
  collapse library dir [/usr/lib/gcc/x86_64-linux-gnu/5] ==> [/usr/lib/gcc/x86_64-linux-gnu/5]
  collapse library dir [/usr/lib/gcc/x86_64-linux-gnu/5/../../../x86_64-linux-gnu] ==> [/usr/lib/x86_64-linux-gnu]
  collapse library dir [/usr/lib/gcc/x86_64-linux-gnu/5/../../../../lib] ==> [/usr/lib]
  collapse library dir [/lib/x86_64-linux-gnu] ==> [/lib/x86_64-linux-gnu]
  collapse library dir [/lib/../lib] ==> [/lib]
  collapse library dir [/usr/lib/x86_64-linux-gnu] ==> [/usr/lib/x86_64-linux-gnu]
  collapse library dir [/usr/lib/../lib] ==> [/usr/lib]
  collapse library dir [/usr/local/openrtp/lib] ==> [/usr/local/openrtp/lib]
  collapse library dir [/usr/local/lib] ==> [/usr/local/lib]
  collapse library dir [/opt/PhotoneoPhoXiControl/API/lib] ==> [/opt/PhotoneoPhoXiControl/API/lib]
  collapse library dir [/usr/local/VVV/lib] ==> [/usr/local/VVV/lib]
  collapse library dir [/usr/lib/gcc/x86_64-linux-gnu/5/../../..] ==> [/usr/lib]
  implicit libs: [stdc++;m;c]
  implicit dirs: [/usr/local/openrtp/lib;/usr/local/lib;/opt/PhotoneoPhoXiControl/API/lib;/usr/local/VVV/lib;/usr/lib/gcc/x86_64-linux-gnu/5;/usr/lib/x86_64-linux-gnu;/usr/lib;/lib/x86_64-linux-gnu;/lib]
  implicit fwks: []




Detecting CXX [-std=c++14] compiler features compiled with the following output:
Change Dir: /home/ueshiba/projects/HRP-5P/hrp5p-calib/build/TUv++-prefix/src/TUv++-build/CMakeFiles/CMakeTmp

Run Build Command:"/usr/bin/make" "cmTC_1cc9d/fast"
make[3]: ディレクトリ '/home/ueshiba/projects/HRP-5P/hrp5p-calib/build/TUv++-prefix/src/TUv++-build/CMakeFiles/CMakeTmp' に入ります
/usr/bin/make -f CMakeFiles/cmTC_1cc9d.dir/build.make CMakeFiles/cmTC_1cc9d.dir/build
make[4]: ディレクトリ '/home/ueshiba/projects/HRP-5P/hrp5p-calib/build/TUv++-prefix/src/TUv++-build/CMakeFiles/CMakeTmp' に入ります
Building CXX object CMakeFiles/cmTC_1cc9d.dir/feature_tests.cxx.o
/usr/bin/g++     -std=c++14 -o CMakeFiles/cmTC_1cc9d.dir/feature_tests.cxx.o -c /home/ueshiba/projects/HRP-5P/hrp5p-calib/build/TUv++-prefix/src/TUv++-build/CMakeFiles/feature_tests.cxx
Linking CXX executable cmTC_1cc9d
/usr/bin/cmake -E cmake_link_script CMakeFiles/cmTC_1cc9d.dir/link.txt --verbose=1
/usr/bin/g++        CMakeFiles/cmTC_1cc9d.dir/feature_tests.cxx.o  -o cmTC_1cc9d -rdynamic 
make[4]: ディレクトリ '/home/ueshiba/projects/HRP-5P/hrp5p-calib/build/TUv++-prefix/src/TUv++-build/CMakeFiles/CMakeTmp' から出ます
make[3]: ディレクトリ '/home/ueshiba/projects/HRP-5P/hrp5p-calib/build/TUv++-prefix/src/TUv++-build/CMakeFiles/CMakeTmp' から出ます


    Feature record: CXX_FEATURE:1cxx_aggregate_default_initializers
    Feature record: CXX_FEATURE:1cxx_alias_templates
    Feature record: CXX_FEATURE:1cxx_alignas
    Feature record: CXX_FEATURE:1cxx_alignof
    Feature record: CXX_FEATURE:1cxx_attributes
    Feature record: CXX_FEATURE:1cxx_attribute_deprecated
    Feature record: CXX_FEATURE:1cxx_auto_type
    Feature record: CXX_FEATURE:1cxx_binary_literals
    Feature record: CXX_FEATURE:1cxx_constexpr
    Feature record: CXX_FEATURE:1cxx_contextual_conversions
    Feature record: CXX_FEATURE:1cxx_decltype
    Feature record: CXX_FEATURE:1cxx_decltype_auto
    Feature record: CXX_FEATURE:1cxx_decltype_incomplete_return_types
    Feature record: CXX_FEATURE:1cxx_default_function_template_args
    Feature record: CXX_FEATURE:1cxx_defaulted_functions
    Feature record: CXX_FEATURE:1cxx_defaulted_move_initializers
    Feature record: CXX_FEATURE:1cxx_delegating_constructors
    Feature record: CXX_FEATURE:1cxx_deleted_functions
    Feature record: CXX_FEATURE:1cxx_digit_separators
    Feature record: CXX_FEATURE:1cxx_enum_forward_declarations
    Feature record: CXX_FEATURE:1cxx_explicit_conversions
    Feature record: CXX_FEATURE:1cxx_extended_friend_declarations
    Feature record: CXX_FEATURE:1cxx_extern_templates
    Feature record: CXX_FEATURE:1cxx_final
    Feature record: CXX_FEATURE:1cxx_func_identifier
    Feature record: CXX_FEATURE:1cxx_generalized_initializers
    Feature record: CXX_FEATURE:1cxx_generic_lambdas
    Feature record: CXX_FEATURE:1cxx_inheriting_constructors
    Feature record: CXX_FEATURE:1cxx_inline_namespaces
    Feature record: CXX_FEATURE:1cxx_lambdas
    Feature record: CXX_FEATURE:1cxx_lambda_init_captures
    Feature record: CXX_FEATURE:1cxx_local_type_template_args
    Feature record: CXX_FEATURE:1cxx_long_long_type
    Feature record: CXX_FEATURE:1cxx_noexcept
    Feature record: CXX_FEATURE:1cxx_nonstatic_member_init
    Feature record: CXX_FEATURE:1cxx_nullptr
    Feature record: CXX_FEATURE:1cxx_override
    Feature record: CXX_FEATURE:1cxx_range_for
    Feature record: CXX_FEATURE:1cxx_raw_string_literals
    Feature record: CXX_FEATURE:1cxx_reference_qualified_functions
    Feature record: CXX_FEATURE:1cxx_relaxed_constexpr
    Feature record: CXX_FEATURE:1cxx_return_type_deduction
    Feature record: CXX_FEATURE:1cxx_right_angle_brackets
    Feature record: CXX_FEATURE:1cxx_rvalue_references
    Feature record: CXX_FEATURE:1cxx_sizeof_member
    Feature record: CXX_FEATURE:1cxx_static_assert
    Feature record: CXX_FEATURE:1cxx_strong_enums
    Feature record: CXX_FEATURE:1cxx_template_template_parameters
    Feature record: CXX_FEATURE:1cxx_thread_local
    Feature record: CXX_FEATURE:1cxx_trailing_return_types
    Feature record: CXX_FEATURE:1cxx_unicode_literals
    Feature record: CXX_FEATURE:1cxx_uniform_initialization
    Feature record: CXX_FEATURE:1cxx_unrestricted_unions
    Feature record: CXX_FEATURE:1cxx_user_literals
    Feature record: CXX_FEATURE:1cxx_variable_templates
    Feature record: CXX_FEATURE:1cxx_variadic_macros
    Feature record: CXX_FEATURE:1cxx_variadic_templates


Detecting CXX [-std=c++11] compiler features compiled with the following output:
Change Dir: /home/ueshiba/projects/HRP-5P/hrp5p-calib/build/TUv++-prefix/src/TUv++-build/CMakeFiles/CMakeTmp

Run Build Command:"/usr/bin/make" "cmTC_4260e/fast"
make[3]: ディレクトリ '/home/ueshiba/projects/HRP-5P/hrp5p-calib/build/TUv++-prefix/src/TUv++-build/CMakeFiles/CMakeTmp' に入ります
/usr/bin/make -f CMakeFiles/cmTC_4260e.dir/build.make CMakeFiles/cmTC_4260e.dir/build
make[4]: ディレクトリ '/home/ueshiba/projects/HRP-5P/hrp5p-calib/build/TUv++-prefix/src/TUv++-build/CMakeFiles/CMakeTmp' に入ります
Building CXX object CMakeFiles/cmTC_4260e.dir/feature_tests.cxx.o
/usr/bin/g++     -std=c++11 -o CMakeFiles/cmTC_4260e.dir/feature_tests.cxx.o -c /home/ueshiba/projects/HRP-5P/hrp5p-calib/build/TUv++-prefix/src/TUv++-build/CMakeFiles/feature_tests.cxx
Linking CXX executable cmTC_4260e
/usr/bin/cmake -E cmake_link_script CMakeFiles/cmTC_4260e.dir/link.txt --verbose=1
/usr/bin/g++        CMakeFiles/cmTC_4260e.dir/feature_tests.cxx.o  -o cmTC_4260e -rdynamic 
make[4]: ディレクトリ '/home/ueshiba/projects/HRP-5P/hrp5p-calib/build/TUv++-prefix/src/TUv++-build/CMakeFiles/CMakeTmp' から出ます
make[3]: ディレクトリ '/home/ueshiba/projects/HRP-5P/hrp5p-calib/build/TUv++-prefix/src/TUv++-build/CMakeFiles/CMakeTmp' から出ます


    Feature record: CXX_FEATURE:0cxx_aggregate_default_initializers
    Feature record: CXX_FEATURE:1cxx_alias_templates
    Feature record: CXX_FEATURE:1cxx_alignas
    Feature record: CXX_FEATURE:1cxx_alignof
    Feature record: CXX_FEATURE:1cxx_attributes
    Feature record: CXX_FEATURE:0cxx_attribute_deprecated
    Feature record: CXX_FEATURE:1cxx_auto_type
    Feature record: CXX_FEATURE:0cxx_binary_literals
    Feature record: CXX_FEATURE:1cxx_constexpr
    Feature record: CXX_FEATURE:0cxx_contextual_conversions
    Feature record: CXX_FEATURE:1cxx_decltype
    Feature record: CXX_FEATURE:0cxx_decltype_auto
    Feature record: CXX_FEATURE:1cxx_decltype_incomplete_return_types
    Feature record: CXX_FEATURE:1cxx_default_function_template_args
    Feature record: CXX_FEATURE:1cxx_defaulted_functions
    Feature record: CXX_FEATURE:1cxx_defaulted_move_initializers
    Feature record: CXX_FEATURE:1cxx_delegating_constructors
    Feature record: CXX_FEATURE:1cxx_deleted_functions
    Feature record: CXX_FEATURE:0cxx_digit_separators
    Feature record: CXX_FEATURE:1cxx_enum_forward_declarations
    Feature record: CXX_FEATURE:1cxx_explicit_conversions
    Feature record: CXX_FEATURE:1cxx_extended_friend_declarations
    Feature record: CXX_FEATURE:1cxx_extern_templates
    Feature record: CXX_FEATURE:1cxx_final
    Feature record: CXX_FEATURE:1cxx_func_identifier
    Feature record: CXX_FEATURE:1cxx_generalized_initializers
    Feature record: CXX_FEATURE:0cxx_generic_lambdas
    Feature record: CXX_FEATURE:1cxx_inheriting_constructors
    Feature record: CXX_FEATURE:1cxx_inline_namespaces
    Feature record: CXX_FEATURE:1cxx_lambdas
    Feature record: CXX_FEATURE:0cxx_lambda_init_captures
    Feature record: CXX_FEATURE:1cxx_local_type_template_args
    Feature record: CXX_FEATURE:1cxx_long_long_type
    Feature record: CXX_FEATURE:1cxx_noexcept
    Feature record: CXX_FEATURE:1cxx_nonstatic_member_init
    Feature record: CXX_FEATURE:1cxx_nullptr
    Feature record: CXX_FEATURE:1cxx_override
    Feature record: CXX_FEATURE:1cxx_range_for
    Feature record: CXX_FEATURE:1cxx_raw_string_literals
    Feature record: CXX_FEATURE:1cxx_reference_qualified_functions
    Feature record: CXX_FEATURE:0cxx_relaxed_constexpr
    Feature record: CXX_FEATURE:0cxx_return_type_deduction
    Feature record: CXX_FEATURE:1cxx_right_angle_brackets
    Feature record: CXX_FEATURE:1cxx_rvalue_references
    Feature record: CXX_FEATURE:1cxx_sizeof_member
    Feature record: CXX_FEATURE:1cxx_static_assert
    Feature record: CXX_FEATURE:1cxx_strong_enums
    Feature record: CXX_FEATURE:1cxx_template_template_parameters
    Feature record: CXX_FEATURE:1cxx_thread_local
    Feature record: CXX_FEATURE:1cxx_trailing_return_types
    Feature record: CXX_FEATURE:1cxx_unicode_literals
    Feature record: CXX_FEATURE:1cxx_uniform_initialization
    Feature record: CXX_FEATURE:1cxx_unrestricted_unions
    Feature record: CXX_FEATURE:1cxx_user_literals
    Feature record: CXX_FEATURE:0cxx_variable_templates
    Feature record: CXX_FEATURE:1cxx_variadic_macros
    Feature record: CXX_FEATURE:1cxx_variadic_templates


Detecting CXX [-std=c++98] compiler features compiled with the following output:
Change Dir: /home/ueshiba/projects/HRP-5P/hrp5p-calib/build/TUv++-prefix/src/TUv++-build/CMakeFiles/CMakeTmp

Run Build Command:"/usr/bin/make" "cmTC_e72f4/fast"
make[3]: ディレクトリ '/home/ueshiba/projects/HRP-5P/hrp5p-calib/build/TUv++-prefix/src/TUv++-build/CMakeFiles/CMakeTmp' に入ります
/usr/bin/make -f CMakeFiles/cmTC_e72f4.dir/build.make CMakeFiles/cmTC_e72f4.dir/build
make[4]: ディレクトリ '/home/ueshiba/projects/HRP-5P/hrp5p-calib/build/TUv++-prefix/src/TUv++-build/CMakeFiles/CMakeTmp' に入ります
Building CXX object CMakeFiles/cmTC_e72f4.dir/feature_tests.cxx.o
/usr/bin/g++     -std=c++98 -o CMakeFiles/cmTC_e72f4.dir/feature_tests.cxx.o -c /home/ueshiba/projects/HRP-5P/hrp5p-calib/build/TUv++-prefix/src/TUv++-build/CMakeFiles/feature_tests.cxx
Linking CXX executable cmTC_e72f4
/usr/bin/cmake -E cmake_link_script CMakeFiles/cmTC_e72f4.dir/link.txt --verbose=1
/usr/bin/g++        CMakeFiles/cmTC_e72f4.dir/feature_tests.cxx.o  -o cmTC_e72f4 -rdynamic 
make[4]: ディレクトリ '/home/ueshiba/projects/HRP-5P/hrp5p-calib/build/TUv++-prefix/src/TUv++-build/CMakeFiles/CMakeTmp' から出ます
make[3]: ディレクトリ '/home/ueshiba/projects/HRP-5P/hrp5p-calib/build/TUv++-prefix/src/TUv++-build/CMakeFiles/CMakeTmp' から出ます


    Feature record: CXX_FEATURE:0cxx_aggregate_default_initializers
    Feature record: CXX_FEATURE:0cxx_alias_templates
    Feature record: CXX_FEATURE:0cxx_alignas
    Feature record: CXX_FEATURE:0cxx_alignof
    Feature record: CXX_FEATURE:0cxx_attributes
    Feature record: CXX_FEATURE:0cxx_attribute_deprecated
    Feature record: CXX_FEATURE:0cxx_auto_type
    Feature record: CXX_FEATURE:0cxx_binary_literals
    Feature record: CXX_FEATURE:0cxx_constexpr
    Feature record: CXX_FEATURE:0cxx_contextual_conversions
    Feature record: CXX_FEATURE:0cxx_decltype
    Feature record: CXX_FEATURE:0cxx_decltype_auto
    Feature record: CXX_FEATURE:0cxx_decltype_incomplete_return_types
    Feature record: CXX_FEATURE:0cxx_default_function_template_args
    Feature record: CXX_FEATURE:0cxx_defaulted_functions
    Feature record: CXX_FEATURE:0cxx_defaulted_move_initializers
    Feature record: CXX_FEATURE:0cxx_delegating_constructors
    Feature record: CXX_FEATURE:0cxx_deleted_functions
    Feature record: CXX_FEATURE:0cxx_digit_separators
    Feature record: CXX_FEATURE:0cxx_enum_forward_declarations
    Feature record: CXX_FEATURE:0cxx_explicit_conversions
    Feature record: CXX_FEATURE:0cxx_extended_friend_declarations
    Feature record: CXX_FEATURE:0cxx_extern_templates
    Feature record: CXX_FEATURE:0cxx_final
    Feature record: CXX_FEATURE:0cxx_func_identifier
    Feature record: CXX_FEATURE:0cxx_generalized_initializers
    Feature record: CXX_FEATURE:0cxx_generic_lambdas
    Feature record: CXX_FEATURE:0cxx_inheriting_constructors
    Feature record: CXX_FEATURE:0cxx_inline_namespaces
    Feature record: CXX_FEATURE:0cxx_lambdas
    Feature record: CXX_FEATURE:0cxx_lambda_init_captures
    Feature record: CXX_FEATURE:0cxx_local_type_template_args
    Feature record: CXX_FEATURE:0cxx_long_long_type
    Feature record: CXX_FEATURE:0cxx_noexcept
    Feature record: CXX_FEATURE:0cxx_nonstatic_member_init
    Feature record: CXX_FEATURE:0cxx_nullptr
    Feature record: CXX_FEATURE:0cxx_override
    Feature record: CXX_FEATURE:0cxx_range_for
    Feature record: CXX_FEATURE:0cxx_raw_string_literals
    Feature record: CXX_FEATURE:0cxx_reference_qualified_functions
    Feature record: CXX_FEATURE:0cxx_relaxed_constexpr
    Feature record: CXX_FEATURE:0cxx_return_type_deduction
    Feature record: CXX_FEATURE:0cxx_right_angle_brackets
    Feature record: CXX_FEATURE:0cxx_rvalue_references
    Feature record: CXX_FEATURE:0cxx_sizeof_member
    Feature record: CXX_FEATURE:0cxx_static_assert
    Feature record: CXX_FEATURE:0cxx_strong_enums
    Feature record: CXX_FEATURE:1cxx_template_template_parameters
    Feature record: CXX_FEATURE:0cxx_thread_local
    Feature record: CXX_FEATURE:0cxx_trailing_return_types
    Feature record: CXX_FEATURE:0cxx_unicode_literals
    Feature record: CXX_FEATURE:0cxx_uniform_initialization
    Feature record: CXX_FEATURE:0cxx_unrestricted_unions
    Feature record: CXX_FEATURE:0cxx_user_literals
    Feature record: CXX_FEATURE:0cxx_variable_templates
    Feature record: CXX_FEATURE:0cxx_variadic_macros
    Feature record: CXX_FEATURE:0cxx_variadic_templates
Determining if the function XOpenDisplay exists in the /usr/lib/x86_64-linux-gnu/libX11.so;/usr/lib/x86_64-linux-gnu/libXext.so passed with the following output:
Change Dir: /home/ueshiba/projects/HRP-5P/hrp5p-calib/build/TUv++-prefix/src/TUv++-build/CMakeFiles/CMakeTmp

Run Build Command:"/usr/bin/make" "cmTC_e2a09/fast"
make[3]: ディレクトリ '/home/ueshiba/projects/HRP-5P/hrp5p-calib/build/TUv++-prefix/src/TUv++-build/CMakeFiles/CMakeTmp' に入ります
/usr/bin/make -f CMakeFiles/cmTC_e2a09.dir/build.make CMakeFiles/cmTC_e2a09.dir/build
make[4]: ディレクトリ '/home/ueshiba/projects/HRP-5P/hrp5p-calib/build/TUv++-prefix/src/TUv++-build/CMakeFiles/CMakeTmp' に入ります
Building C object CMakeFiles/cmTC_e2a09.dir/CheckFunctionExists.c.o
/usr/bin/gcc    -DCHECK_FUNCTION_EXISTS=XOpenDisplay   -o CMakeFiles/cmTC_e2a09.dir/CheckFunctionExists.c.o   -c /usr/share/cmake-3.5/Modules/CheckFunctionExists.c
Linking C executable cmTC_e2a09
/usr/bin/cmake -E cmake_link_script CMakeFiles/cmTC_e2a09.dir/link.txt --verbose=1
/usr/bin/gcc   -DCHECK_FUNCTION_EXISTS=XOpenDisplay    CMakeFiles/cmTC_e2a09.dir/CheckFunctionExists.c.o  -o cmTC_e2a09 -rdynamic /usr/lib/x86_64-linux-gnu/libX11.so /usr/lib/x86_64-linux-gnu/libXext.so 
make[4]: ディレクトリ '/home/ueshiba/projects/HRP-5P/hrp5p-calib/build/TUv++-prefix/src/TUv++-build/CMakeFiles/CMakeTmp' から出ます
make[3]: ディレクトリ '/home/ueshiba/projects/HRP-5P/hrp5p-calib/build/TUv++-prefix/src/TUv++-build/CMakeFiles/CMakeTmp' から出ます


Determining if the function gethostbyname exists passed with the following output:
Change Dir: /home/ueshiba/projects/HRP-5P/hrp5p-calib/build/TUv++-prefix/src/TUv++-build/CMakeFiles/CMakeTmp

Run Build Command:"/usr/bin/make" "cmTC_06eb0/fast"
make[3]: ディレクトリ '/home/ueshiba/projects/HRP-5P/hrp5p-calib/build/TUv++-prefix/src/TUv++-build/CMakeFiles/CMakeTmp' に入ります
/usr/bin/make -f CMakeFiles/cmTC_06eb0.dir/build.make CMakeFiles/cmTC_06eb0.dir/build
make[4]: ディレクトリ '/home/ueshiba/projects/HRP-5P/hrp5p-calib/build/TUv++-prefix/src/TUv++-build/CMakeFiles/CMakeTmp' に入ります
Building C object CMakeFiles/cmTC_06eb0.dir/CheckFunctionExists.c.o
/usr/bin/gcc    -DCHECK_FUNCTION_EXISTS=gethostbyname   -o CMakeFiles/cmTC_06eb0.dir/CheckFunctionExists.c.o   -c /usr/share/cmake-3.5/Modules/CheckFunctionExists.c
Linking C executable cmTC_06eb0
/usr/bin/cmake -E cmake_link_script CMakeFiles/cmTC_06eb0.dir/link.txt --verbose=1
/usr/bin/gcc   -DCHECK_FUNCTION_EXISTS=gethostbyname    CMakeFiles/cmTC_06eb0.dir/CheckFunctionExists.c.o  -o cmTC_06eb0 -rdynamic 
make[4]: ディレクトリ '/home/ueshiba/projects/HRP-5P/hrp5p-calib/build/TUv++-prefix/src/TUv++-build/CMakeFiles/CMakeTmp' から出ます
make[3]: ディレクトリ '/home/ueshiba/projects/HRP-5P/hrp5p-calib/build/TUv++-prefix/src/TUv++-build/CMakeFiles/CMakeTmp' から出ます


Determining if the function connect exists passed with the following output:
Change Dir: /home/ueshiba/projects/HRP-5P/hrp5p-calib/build/TUv++-prefix/src/TUv++-build/CMakeFiles/CMakeTmp

Run Build Command:"/usr/bin/make" "cmTC_6824f/fast"
make[3]: ディレクトリ '/home/ueshiba/projects/HRP-5P/hrp5p-calib/build/TUv++-prefix/src/TUv++-build/CMakeFiles/CMakeTmp' に入ります
/usr/bin/make -f CMakeFiles/cmTC_6824f.dir/build.make CMakeFiles/cmTC_6824f.dir/build
make[4]: ディレクトリ '/home/ueshiba/projects/HRP-5P/hrp5p-calib/build/TUv++-prefix/src/TUv++-build/CMakeFiles/CMakeTmp' に入ります
Building C object CMakeFiles/cmTC_6824f.dir/CheckFunctionExists.c.o
/usr/bin/gcc    -DCHECK_FUNCTION_EXISTS=connect   -o CMakeFiles/cmTC_6824f.dir/CheckFunctionExists.c.o   -c /usr/share/cmake-3.5/Modules/CheckFunctionExists.c
Linking C executable cmTC_6824f
/usr/bin/cmake -E cmake_link_script CMakeFiles/cmTC_6824f.dir/link.txt --verbose=1
/usr/bin/gcc   -DCHECK_FUNCTION_EXISTS=connect    CMakeFiles/cmTC_6824f.dir/CheckFunctionExists.c.o  -o cmTC_6824f -rdynamic 
make[4]: ディレクトリ '/home/ueshiba/projects/HRP-5P/hrp5p-calib/build/TUv++-prefix/src/TUv++-build/CMakeFiles/CMakeTmp' から出ます
make[3]: ディレクトリ '/home/ueshiba/projects/HRP-5P/hrp5p-calib/build/TUv++-prefix/src/TUv++-build/CMakeFiles/CMakeTmp' から出ます


Determining if the function remove exists passed with the following output:
Change Dir: /home/ueshiba/projects/HRP-5P/hrp5p-calib/build/TUv++-prefix/src/TUv++-build/CMakeFiles/CMakeTmp

Run Build Command:"/usr/bin/make" "cmTC_8b61d/fast"
make[3]: ディレクトリ '/home/ueshiba/projects/HRP-5P/hrp5p-calib/build/TUv++-prefix/src/TUv++-build/CMakeFiles/CMakeTmp' に入ります
/usr/bin/make -f CMakeFiles/cmTC_8b61d.dir/build.make CMakeFiles/cmTC_8b61d.dir/build
make[4]: ディレクトリ '/home/ueshiba/projects/HRP-5P/hrp5p-calib/build/TUv++-prefix/src/TUv++-build/CMakeFiles/CMakeTmp' に入ります
Building C object CMakeFiles/cmTC_8b61d.dir/CheckFunctionExists.c.o
/usr/bin/gcc    -DCHECK_FUNCTION_EXISTS=remove   -o CMakeFiles/cmTC_8b61d.dir/CheckFunctionExists.c.o   -c /usr/share/cmake-3.5/Modules/CheckFunctionExists.c
Linking C executable cmTC_8b61d
/usr/bin/cmake -E cmake_link_script CMakeFiles/cmTC_8b61d.dir/link.txt --verbose=1
/usr/bin/gcc   -DCHECK_FUNCTION_EXISTS=remove    CMakeFiles/cmTC_8b61d.dir/CheckFunctionExists.c.o  -o cmTC_8b61d -rdynamic 
make[4]: ディレクトリ '/home/ueshiba/projects/HRP-5P/hrp5p-calib/build/TUv++-prefix/src/TUv++-build/CMakeFiles/CMakeTmp' から出ます
make[3]: ディレクトリ '/home/ueshiba/projects/HRP-5P/hrp5p-calib/build/TUv++-prefix/src/TUv++-build/CMakeFiles/CMakeTmp' から出ます


Determining if the function shmat exists passed with the following output:
Change Dir: /home/ueshiba/projects/HRP-5P/hrp5p-calib/build/TUv++-prefix/src/TUv++-build/CMakeFiles/CMakeTmp

Run Build Command:"/usr/bin/make" "cmTC_6c644/fast"
make[3]: ディレクトリ '/home/ueshiba/projects/HRP-5P/hrp5p-calib/build/TUv++-prefix/src/TUv++-build/CMakeFiles/CMakeTmp' に入ります
/usr/bin/make -f CMakeFiles/cmTC_6c644.dir/build.make CMakeFiles/cmTC_6c644.dir/build
make[4]: ディレクトリ '/home/ueshiba/projects/HRP-5P/hrp5p-calib/build/TUv++-prefix/src/TUv++-build/CMakeFiles/CMakeTmp' に入ります
Building C object CMakeFiles/cmTC_6c644.dir/CheckFunctionExists.c.o
/usr/bin/gcc    -DCHECK_FUNCTION_EXISTS=shmat   -o CMakeFiles/cmTC_6c644.dir/CheckFunctionExists.c.o   -c /usr/share/cmake-3.5/Modules/CheckFunctionExists.c
Linking C executable cmTC_6c644
/usr/bin/cmake -E cmake_link_script CMakeFiles/cmTC_6c644.dir/link.txt --verbose=1
/usr/bin/gcc   -DCHECK_FUNCTION_EXISTS=shmat    CMakeFiles/cmTC_6c644.dir/CheckFunctionExists.c.o  -o cmTC_6c644 -rdynamic 
make[4]: ディレクトリ '/home/ueshiba/projects/HRP-5P/hrp5p-calib/build/TUv++-prefix/src/TUv++-build/CMakeFiles/CMakeTmp' から出ます
make[3]: ディレクトリ '/home/ueshiba/projects/HRP-5P/hrp5p-calib/build/TUv++-prefix/src/TUv++-build/CMakeFiles/CMakeTmp' から出ます


Determining if the function IceConnectionNumber exists in the ICE passed with the following output:
Change Dir: /home/ueshiba/projects/HRP-5P/hrp5p-calib/build/TUv++-prefix/src/TUv++-build/CMakeFiles/CMakeTmp

Run Build Command:"/usr/bin/make" "cmTC_2b760/fast"
make[3]: ディレクトリ '/home/ueshiba/projects/HRP-5P/hrp5p-calib/build/TUv++-prefix/src/TUv++-build/CMakeFiles/CMakeTmp' に入ります
/usr/bin/make -f CMakeFiles/cmTC_2b760.dir/build.make CMakeFiles/cmTC_2b760.dir/build
make[4]: ディレクトリ '/home/ueshiba/projects/HRP-5P/hrp5p-calib/build/TUv++-prefix/src/TUv++-build/CMakeFiles/CMakeTmp' に入ります
Building C object CMakeFiles/cmTC_2b760.dir/CheckFunctionExists.c.o
/usr/bin/gcc    -DCHECK_FUNCTION_EXISTS=IceConnectionNumber   -o CMakeFiles/cmTC_2b760.dir/CheckFunctionExists.c.o   -c /usr/share/cmake-3.5/Modules/CheckFunctionExists.c
Linking C executable cmTC_2b760
/usr/bin/cmake -E cmake_link_script CMakeFiles/cmTC_2b760.dir/link.txt --verbose=1
/usr/bin/gcc   -DCHECK_FUNCTION_EXISTS=IceConnectionNumber    CMakeFiles/cmTC_2b760.dir/CheckFunctionExists.c.o  -o cmTC_2b760 -rdynamic -lICE 
make[4]: ディレクトリ '/home/ueshiba/projects/HRP-5P/hrp5p-calib/build/TUv++-prefix/src/TUv++-build/CMakeFiles/CMakeTmp' から出ます
make[3]: ディレクトリ '/home/ueshiba/projects/HRP-5P/hrp5p-calib/build/TUv++-prefix/src/TUv++-build/CMakeFiles/CMakeTmp' から出ます


